1.781290064886053e+09	info	✅ Redis готов
1.7812900649037035e+09	info	✅ PostgreSQL готов
1.7812900649066148e+09	info	✅ Сервер запущен. Жду запросы на :8080
1.7812902016565595e+09	info	🛑 Получен сигнал остановки. Завершаю работу приложения и сервера...
1.7812902016571627e+09	info	⛔ Сервер завершил свою работу.
1.7812902154417694e+09	info	✅ Redis готов
1.781290215462145e+09	info	✅ PostgreSQL готов
1.781290215464002e+09	info	✅ Сервер запущен. Жду запросы на :8080
1.7812902552658873e+09	info	Новое масло успешно добавлено в БД!	{"id": 21, "name": "Газпром premium L", "visc": "10W-40", "price": 2100}
1.7812902613991797e+09	info	oils fetched	{"count": 16}
1.781290278161616e+09	info	🛑 Получен сигнал остановки. Завершаю работу приложения и сервера...
1.7812902781622858e+09	info	⛔ Сервер завершил свою работу.
1.7813011064127622e+09	info	✅ Redis готов
1.7813011064527807e+09	info	✅ PostgreSQL готов
1.781301106465564e+09	info	✅ Сервер запущен. Жду запросы на :8080
1.7813013023968363e+09	info	oils fetched	{"count": 16}
1.7813015904515986e+09	error	minimum and maximum price can not be empty	{"min": "", "max": ""}
1.781301609676026e+09	error	incorrect min price!	{"error": "strconv.Atoi: parsing \"g\": invalid syntax", "min": 0}
1.7813016854521554e+09	info	🛑 Получен сигнал остановки. Завершаю работу приложения и сервера...
1.7813016854529433e+09	info	⛔ Сервер завершил свою работу.
1.7813016894675958e+09	info	✅ Redis готов
1.781301689481198e+09	info	✅ PostgreSQL готов
1.781301689482402e+09	info	✅ Сервер запущен. Жду запросы на :8080
1.7813016971054108e+09	error	incorrect min price!	{"error": "strconv.Atoi: parsing \"g\": invalid syntax", "min": "g"}
1.7813018605345583e+09	info	🛑 Получен сигнал остановки. Завершаю работу приложения и сервера...
1.7813018605353615e+09	info	⛔ Сервер завершил свою работу.
1.7813023548223805e+09	info	✅ Redis готов
1.7813023548352256e+09	info	✅ PostgreSQL готов
1.7813023548366847e+09	info	✅ Сервер запущен. Жду запросы на :8080
1.7813023599748907e+09	info	🛑 Получен сигнал остановки. Завершаю работу приложения и сервера...
1.781302359975592e+09	info	⛔ Сервер завершил свою работу.
1.781302362633385e+09	info	✅ Redis готов
1.781302362643406e+09	info	✅ PostgreSQL готов
1.781302362644962e+09	info	✅ Сервер запущен. Жду запросы на :8080
1.7813024240785918e+09	info	🛑 Получен сигнал остановки. Завершаю работу приложения и сервера...
1.7813024240798604e+09	info	⛔ Сервер завершил свою работу.
1.7813024432966073e+09	info	✅ Redis готов
1.7813024433075452e+09	info	✅ PostgreSQL готов
1.7813024433088765e+09	info	✅ Сервер запущен. Жду запросы на :8080
1.7813026482359223e+09	error	DB error! Oil was not deleted from DB	{"id": 159, "error": "sql: no rows in result set"}
1.781302661017978e+09	info	🛑 Получен сигнал остановки. Завершаю работу приложения и сервера...
1.7813026610188012e+09	info	⛔ Сервер завершил свою работу.
